[debug] [2022-08-21T06:27:14.878Z] ----------------------------------------------------------------------
[debug] [2022-08-21T06:27:14.881Z] Command:       C:\cosas\node.exe C:\Users\gsofi\AppData\Roaming\npm\node_modules\firebase-tools\lib\bin\firebase.js deploy
[debug] [2022-08-21T06:27:14.881Z] CLI Version:   10.2.2
[debug] [2022-08-21T06:27:14.881Z] Platform:      win32
[debug] [2022-08-21T06:27:14.882Z] Node Version:  v16.14.0
[debug] [2022-08-21T06:27:14.882Z] Time:          Sun Aug 21 2022 03:27:14 GMT-0300 (hora estándar de Argentina)
[debug] [2022-08-21T06:27:14.883Z] ----------------------------------------------------------------------
[debug] 
[debug] [2022-08-21T06:27:14.981Z] > command requires scopes: ["email","openid","https://www.googleapis.com/auth/cloudplatformprojects.readonly","https://www.googleapis.com/auth/firebase","https://www.googleapis.com/auth/cloud-platform"]
[debug] [2022-08-21T06:27:14.982Z] > authorizing via signed-in user (gafasmugrientasdelyo@gmail.com)
[debug] [2022-08-21T06:27:14.982Z] [iam] checking project a-better-weigh-inc for permissions ["firebase.projects.get","firebasehosting.sites.update"]
[debug] [2022-08-21T06:27:14.985Z] > refreshing access token with scopes: []
[debug] [2022-08-21T06:27:14.987Z] >>> HTTP REQUEST POST https://www.googleapis.com/oauth2/v3/token  
 <request body omitted>
[debug] [2022-08-21T06:27:15.104Z] <<< HTTP RESPONSE 200 {"cache-control":"no-cache, no-store, max-age=0, must-revalidate","date":"Sun, 21 Aug 2022 06:27:14 GMT","expires":"Mon, 01 Jan 1990 00:00:00 GMT","pragma":"no-cache","content-type":"application/json; charset=utf-8","vary":"X-Origin, Referer, Origin,Accept-Encoding","server":"scaffolding on HTTPServer2","x-xss-protection":"0","x-frame-options":"SAMEORIGIN","x-content-type-options":"nosniff","alt-svc":"h3=\":443\"; ma=2592000,h3-29=\":443\"; ma=2592000,h3-Q050=\":443\"; ma=2592000,h3-Q046=\":443\"; ma=2592000,h3-Q043=\":443\"; ma=2592000,quic=\":443\"; ma=2592000; v=\"46,43\"","accept-ranges":"none","transfer-encoding":"chunked"}
[debug] [2022-08-21T06:27:15.591Z] >>> [apiv2][query] POST https://cloudresourcemanager.googleapis.com/v1/projects/a-better-weigh-inc:testIamPermissions [none]
[debug] [2022-08-21T06:27:15.591Z] >>> [apiv2][body] POST https://cloudresourcemanager.googleapis.com/v1/projects/a-better-weigh-inc:testIamPermissions {"permissions":["firebase.projects.get","firebasehosting.sites.update"]}
[debug] [2022-08-21T06:27:16.433Z] <<< [apiv2][status] POST https://cloudresourcemanager.googleapis.com/v1/projects/a-better-weigh-inc:testIamPermissions 200
[debug] [2022-08-21T06:27:16.434Z] <<< [apiv2][body] POST https://cloudresourcemanager.googleapis.com/v1/projects/a-better-weigh-inc:testIamPermissions {"permissions":["firebase.projects.get","firebasehosting.sites.update"]}
[debug] [2022-08-21T06:27:16.435Z] >>> [apiv2][query] GET https://firebase.googleapis.com/v1beta1/projects/a-better-weigh-inc [none]
[debug] [2022-08-21T06:27:16.724Z] <<< [apiv2][status] GET https://firebase.googleapis.com/v1beta1/projects/a-better-weigh-inc 200
[debug] [2022-08-21T06:27:16.724Z] <<< [apiv2][body] GET https://firebase.googleapis.com/v1beta1/projects/a-better-weigh-inc {"projectId":"a-better-weigh-inc","projectNumber":"666198032194","displayName":"A Better Weigh Inc","name":"projects/a-better-weigh-inc","resources":{"hostingSite":"a-better-weigh-inc"},"state":"ACTIVE","etag":"1_95ce2b8e-867a-41cd-a2c9-8fd93c72e2d8"}
[info] 
[info] === Deploying to 'a-better-weigh-inc'...
[info] 
[info] i  deploying hosting 
[debug] [2022-08-21T06:27:16.730Z] >>> [apiv2][query] GET https://firebase.googleapis.com/v1beta1/projects/a-better-weigh-inc [none]
[debug] [2022-08-21T06:27:16.996Z] <<< [apiv2][status] GET https://firebase.googleapis.com/v1beta1/projects/a-better-weigh-inc 200
[debug] [2022-08-21T06:27:16.997Z] <<< [apiv2][body] GET https://firebase.googleapis.com/v1beta1/projects/a-better-weigh-inc {"projectId":"a-better-weigh-inc","projectNumber":"666198032194","displayName":"A Better Weigh Inc","name":"projects/a-better-weigh-inc","resources":{"hostingSite":"a-better-weigh-inc"},"state":"ACTIVE","etag":"1_95ce2b8e-867a-41cd-a2c9-8fd93c72e2d8"}
[debug] [2022-08-21T06:27:16.999Z] >>> [apiv2][query] POST https://firebasehosting.googleapis.com/v1beta1/projects/666198032194/sites/a-better-weigh-inc/versions [none]
[debug] [2022-08-21T06:27:16.999Z] >>> [apiv2][body] POST https://firebasehosting.googleapis.com/v1beta1/projects/666198032194/sites/a-better-weigh-inc/versions {"config":{},"labels":{"deployment-tool":"cli-firebase"}}
[debug] [2022-08-21T06:27:18.186Z] <<< [apiv2][status] POST https://firebasehosting.googleapis.com/v1beta1/projects/666198032194/sites/a-better-weigh-inc/versions 200
